0.59	player	Connect	RUCTF_5b75086a	0	False
0.59	player	Connect	Fledi	1	False
0.99	player	Connect	;itachi	2	False
0.99	player	Connect	Mina	3	False
0.99	player	Connect	Dune2000	4	False
2.81	player	Connect	Sniper-Ace>Nero<	5	False
15.11	game_start
29.90	kill	0	Sniper Rifle	0	Sniper Rifle	Decapitated
29.90	kill	0	Sniper Rifle	1	Sniper Rifle	Decapitated
29.90	kill	0	Sniper Rifle	1	Sniper Rifle	Decapitated
29.90	kill	0	Sniper Rifle	1	Sniper Rifle	Decapitated
29.90	kill	0	Sniper Rifle	1	Sniper Rifle	Decapitated
29.90	kill	0	Sniper Rifle	1	Sniper Rifle	Decapitated
29.90	kill	0	Sniper Rifle	1	Sniper Rifle	Decapitated
29.90	kill	0	Sniper Rifle	1	Sniper Rifle	Decapitated
29.90	kill	0	Sniper Rifle	1	Sniper Rifle	Decapitated
29.90	kill	0	Sniper Rifle	1	Sniper Rifle	Decapitated
29.90	kill	0	Sniper Rifle	1	Sniper Rifle	Decapitated
29.90	kill	0	Sniper Rifle	1	Sniper Rifle	Decapitated
29.90	kill	0	Sniper Rifle	1	Sniper Rifle	Decapitated
29.90	kill	0	Sniper Rifle	1	Sniper Rifle	Decapitated
29.90	kill	0	Sniper Rifle	2	Sniper Rifle	Decapitated
29.90	kill	0	Sniper Rifle	2	Sniper Rifle	Decapitated
29.90	kill	0	Sniper Rifle	2	Sniper Rifle	Decapitated
29.90	kill	0	Sniper Rifle	2	Sniper Rifle	Decapitated
29.90	kill	0	Sniper Rifle	2	Sniper Rifle	Decapitated
29.90	kill	0	Sniper Rifle	2	Sniper Rifle	Decapitated
29.90	kill	0	Sniper Rifle	2	Sniper Rifle	Decapitated
29.90	kill	0	Sniper Rifle	1	Sniper Rifle	Decapitated
29.90	kill	0	Sniper Rifle	1	Sniper Rifle	Decapitated
29.90	kill	0	Sniper Rifle	2	Sniper Rifle	Decapitated
29.90	kill	0	Sniper Rifle	2	Sniper Rifle	Decapitated
29.90	kill	0	Sniper Rifle	2	Sniper Rifle	Decapitated
29.90	kill	0	Sniper Rifle	2	Sniper Rifle	Decapitated
29.90	kill	0	Sniper Rifle	2	Sniper Rifle	Decapitated
29.90	kill	0	Sniper Rifle	2	Sniper Rifle	Decapitated
29.90	kill	0	Sniper Rifle	2	Sniper Rifle	Decapitated
29.90	kill	0	Sniper Rifle	2	Sniper Rifle	Decapitated
29.90	kill	0	Sniper Rifle	2	Sniper Rifle	Decapitated
29.90	kill	0	Sniper Rifle	2	Sniper Rifle	Decapitated
29.90	kill	0	Sniper Rifle	2	Sniper Rifle	Decapitated
29.90	kill	0	Sniper Rifle	2	Sniper Rifle	Decapitated
29.90	kill	0	Sniper Rifle	2	Sniper Rifle	Decapitated
29.90	kill	0	Sniper Rifle	2	Sniper Rifle	Decapitated
29.90	kill	0	Sniper Rifle	2	Sniper Rifle	Decapitated
29.90	kill	0	Sniper Rifle	2	Sniper Rifle	Decapitated
29.90	kill	0	Sniper Rifle	2	Sniper Rifle	Decapitated
29.90	kill	0	Sniper Rifle	2	Sniper Rifle	Decapitated
29.90	kill	0	Sniper Rifle	2	Sniper Rifle	Decapitated
29.90	kill	0	Sniper Rifle	2	Sniper Rifle	Decapitated
29.90	kill	0	Sniper Rifle	2	Sniper Rifle	Decapitated
29.90	kill	0	Sniper Rifle	1	Sniper Rifle	Decapitated
29.90	kill	0	Sniper Rifle	1	Sniper Rifle	Decapitated
29.90	kill	0	Sniper Rifle	1	Sniper Rifle	Decapitated
29.90	kill	0	Sniper Rifle	1	Sniper Rifle	Decapitated
29.90	kill	0	Sniper Rifle	1	Sniper Rifle	Decapitated
29.90	kill	0	Sniper Rifle	1	Sniper Rifle	Decapitated
29.90	kill	0	Sniper Rifle	1	Sniper Rifle	Decapitated
29.90	kill	0	Sniper Rifle	2	Sniper Rifle	Decapitated
29.90	kill	0	Sniper Rifle	2	Sniper Rifle	Decapitated
29.90	kill	0	Sniper Rifle	2	Sniper Rifle	Decapitated
29.90	kill	0	Sniper Rifle	1	Sniper Rifle	Decapitated
29.90	kill	0	Sniper Rifle	1	Sniper Rifle	Decapitated
29.90	kill	0	Sniper Rifle	2	Sniper Rifle	Decapitated
29.90	kill	0	Sniper Rifle	2	Sniper Rifle	Decapitated
29.90	kill	0	Sniper Rifle	2	Sniper Rifle	Decapitated
29.90	kill	0	Sniper Rifle	2	Sniper Rifle	Decapitated
29.90	kill	0	Sniper Rifle	2	Sniper Rifle	Decapitated
29.90	kill	0	Sniper Rifle	2	Sniper Rifle	Decapitated
29.90	kill	0	Sniper Rifle	2	Sniper Rifle	Decapitated
29.90	kill	0	Sniper Rifle	2	Sniper Rifle	Decapitated
29.90	kill	0	Sniper Rifle	3	Sniper Rifle	Decapitated
29.90	kill	0	Sniper Rifle	3	Sniper Rifle	Decapitated
29.90	kill	0	Sniper Rifle	3	Sniper Rifle	Decapitated
29.90	kill	0	Sniper Rifle	3	Sniper Rifle	Decapitated
29.90	kill	0	Sniper Rifle	3	Sniper Rifle	Decapitated
29.90	kill	0	Sniper Rifle	3	Sniper Rifle	Decapitated
29.90	kill	0	Sniper Rifle	3	Sniper Rifle	Decapitated
29.90	kill	0	Sniper Rifle	3	Sniper Rifle	Decapitated
29.90	kill	0	Sniper Rifle	3	Sniper Rifle	Decapitated
29.90	kill	0	Sniper Rifle	3	Sniper Rifle	Decapitated
29.90	kill	0	Sniper Rifle	3	Sniper Rifle	Decapitated
29.90	kill	0	Sniper Rifle	3	Sniper Rifle	Decapitated
29.90	kill	0	Sniper Rifle	3	Sniper Rifle	Decapitated
29.90	kill	0	Sniper Rifle	3	Sniper Rifle	Decapitated
29.90	kill	0	Sniper Rifle	3	Sniper Rifle	Decapitated
29.90	kill	0	Sniper Rifle	3	Sniper Rifle	Decapitated
29.90	kill	0	Sniper Rifle	3	Sniper Rifle	Decapitated
29.90	kill	0	Sniper Rifle	3	Sniper Rifle	Decapitated
29.90	kill	0	Sniper Rifle	3	Sniper Rifle	Decapitated
29.90	kill	0	Sniper Rifle	3	Sniper Rifle	Decapitated
29.90	kill	0	Sniper Rifle	3	Sniper Rifle	Decapitated
29.90	kill	0	Sniper Rifle	3	Sniper Rifle	Decapitated
29.90	kill	0	Sniper Rifle	3	Sniper Rifle	Decapitated
29.90	kill	0	Sniper Rifle	3	Sniper Rifle	Decapitated
29.90	kill	0	Sniper Rifle	2	Sniper Rifle	Decapitated
29.90	kill	0	Sniper Rifle	2	Sniper Rifle	Decapitated
29.90	kill	0	Sniper Rifle	2	Sniper Rifle	Decapitated
29.90	kill	0	Sniper Rifle	2	Sniper Rifle	Decapitated
29.90	kill	0	Sniper Rifle	2	Sniper Rifle	Decapitated
29.90	kill	0	Sniper Rifle	2	Sniper Rifle	Decapitated
29.90	kill	0	Sniper Rifle	2	Sniper Rifle	Decapitated
29.90	kill	0	Sniper Rifle	2	Sniper Rifle	Decapitated
29.90	kill	0	Sniper Rifle	2	Sniper Rifle	Decapitated
29.90	kill	0	Sniper Rifle	2	Sniper Rifle	Decapitated
29.90	kill	0	Sniper Rifle	2	Sniper Rifle	Decapitated
29.90	kill	0	Sniper Rifle	2	Sniper Rifle	Decapitated
29.90	kill	0	Sniper Rifle	2	Sniper Rifle	Decapitated
29.90	kill	0	Sniper Rifle	2	Sniper Rifle	Decapitated
29.90	kill	0	Sniper Rifle	2	Sniper Rifle	Decapitated
29.90	kill	0	Sniper Rifle	3	Sniper Rifle	Decapitated
29.90	kill	0	Sniper Rifle	3	Sniper Rifle	Decapitated
29.90	kill	0	Sniper Rifle	3	Sniper Rifle	Decapitated
29.90	kill	0	Sniper Rifle	3	Sniper Rifle	Decapitated
29.90	kill	0	Sniper Rifle	3	Sniper Rifle	Decapitated
29.90	kill	0	Sniper Rifle	3	Sniper Rifle	Decapitated
29.90	kill	0	Sniper Rifle	3	Sniper Rifle	Decapitated
29.90	kill	0	Sniper Rifle	3	Sniper Rifle	Decapitated
29.90	kill	0	Sniper Rifle	3	Sniper Rifle	Decapitated
29.90	kill	0	Sniper Rifle	3	Sniper Rifle	Decapitated
29.90	kill	0	Sniper Rifle	3	Sniper Rifle	Decapitated
29.90	kill	0	Sniper Rifle	3	Sniper Rifle	Decapitated
29.90	kill	0	Sniper Rifle	3	Sniper Rifle	Decapitated
29.90	kill	0	Sniper Rifle	3	Sniper Rifle	Decapitated
29.90	kill	0	Sniper Rifle	3	Sniper Rifle	Decapitated
29.90	kill	0	Sniper Rifle	3	Sniper Rifle	Decapitated
29.90	kill	0	Sniper Rifle	3	Sniper Rifle	Decapitated
29.90	kill	0	Sniper Rifle	3	Sniper Rifle	Decapitated
29.90	kill	0	Sniper Rifle	3	Sniper Rifle	Decapitated
29.90	kill	0	Sniper Rifle	3	Sniper Rifle	Decapitated
29.90	kill	0	Sniper Rifle	3	Sniper Rifle	Decapitated
29.90	kill	0	Sniper Rifle	5	Sniper Rifle	Decapitated
29.90	kill	0	Sniper Rifle	5	Sniper Rifle	Decapitated
29.90	kill	0	Sniper Rifle	5	Sniper Rifle	Decapitated
29.90	kill	0	Sniper Rifle	5	Sniper Rifle	Decapitated
29.90	kill	0	Sniper Rifle	5	Sniper Rifle	Decapitated
29.90	kill	0	Sniper Rifle	5	Sniper Rifle	Decapitated
29.90	kill	0	Sniper Rifle	5	Sniper Rifle	Decapitated
29.90	kill	0	Sniper Rifle	5	Sniper Rifle	Decapitated
29.90	kill	0	Sniper Rifle	5	Sniper Rifle	Decapitated
29.90	kill	0	Sniper Rifle	5	Sniper Rifle	Decapitated
29.90	kill	0	Sniper Rifle	5	Sniper Rifle	Decapitated
29.90	kill	0	Sniper Rifle	5	Sniper Rifle	Decapitated
29.90	kill	0	Sniper Rifle	5	Sniper Rifle	Decapitated
29.90	kill	0	Sniper Rifle	5	Sniper Rifle	Decapitated
29.90	kill	0	Sniper Rifle	5	Sniper Rifle	Decapitated
29.90	kill	0	Sniper Rifle	5	Sniper Rifle	Decapitated
29.90	kill	0	Sniper Rifle	5	Sniper Rifle	Decapitated
29.90	kill	0	Sniper Rifle	5	Sniper Rifle	Decapitated
29.90	kill	0	Sniper Rifle	5	Sniper Rifle	Decapitated
29.90	kill	0	Sniper Rifle	5	Sniper Rifle	Decapitated
29.90	kill	0	Sniper Rifle	5	Sniper Rifle	Decapitated
29.90	kill	0	Sniper Rifle	5	Sniper Rifle	Decapitated
29.90	kill	0	Sniper Rifle	5	Sniper Rifle	Decapitated
29.90	kill	0	Sniper Rifle	5	Sniper Rifle	Decapitated
29.90	kill	0	Sniper Rifle	5	Sniper Rifle	Decapitated
29.90	kill	0	Sniper Rifle	5	Sniper Rifle	Decapitated
29.90	kill	0	Sniper Rifle	5	Sniper Rifle	Decapitated
29.90	kill	0	Sniper Rifle	5	Sniper Rifle	Decapitated
29.90	kill	0	Sniper Rifle	5	Sniper Rifle	Decapitated
29.90	kill	0	Sniper Rifle	5	Sniper Rifle	Decapitated
29.90	kill	0	Sniper Rifle	5	Sniper Rifle	Decapitated
29.90	kill	0	Sniper Rifle	5	Sniper Rifle	Decapitated
29.90	kill	0	Sniper Rifle	5	Sniper Rifle	Decapitated
29.90	kill	0	Sniper Rifle	5	Sniper Rifle	Decapitated
29.90	kill	0	Sniper Rifle	5	Sniper Rifle	Decapitated
29.90	kill	0	Sniper Rifle	5	Sniper Rifle	Decapitated
29.90	kill	0	Sniper Rifle	5	Sniper Rifle	Decapitated
29.90	kill	0	Sniper Rifle	5	Sniper Rifle	Decapitated
29.90	kill	0	Sniper Rifle	5	Sniper Rifle	Decapitated
29.90	kill	0	Sniper Rifle	5	Sniper Rifle	Decapitated
29.90	kill	0	Sniper Rifle	5	Sniper Rifle	Decapitated
29.90	kill	0	Sniper Rifle	5	Sniper Rifle	Decapitated
29.90	kill	0	Sniper Rifle	5	Sniper Rifle	Decapitated
29.90	kill	0	Sniper Rifle	5	Sniper Rifle	Decapitated
29.90	kill	0	Sniper Rifle	5	Sniper Rifle	Decapitated
29.90	kill	0	Sniper Rifle	5	Sniper Rifle	Decapitated
29.90	kill	0	Sniper Rifle	5	Sniper Rifle	Decapitated
29.90	kill	0	Sniper Rifle	3	Sniper Rifle	Decapitated
29.90	kill	0	Sniper Rifle	3	Sniper Rifle	Decapitated
29.90	kill	0	Sniper Rifle	3	Sniper Rifle	Decapitated
29.90	kill	0	Sniper Rifle	3	Sniper Rifle	Decapitated
29.90	kill	0	Sniper Rifle	3	Sniper Rifle	Decapitated
29.90	kill	0	Sniper Rifle	3	Sniper Rifle	Decapitated
29.90	kill	0	Sniper Rifle	3	Sniper Rifle	Decapitated
29.90	kill	0	Sniper Rifle	3	Sniper Rifle	Decapitated
29.90	kill	0	Sniper Rifle	3	Sniper Rifle	Decapitated
29.90	kill	0	Sniper Rifle	3	Sniper Rifle	Decapitated
29.90	kill	0	Sniper Rifle	3	Sniper Rifle	Decapitated
29.90	kill	0	Sniper Rifle	3	Sniper Rifle	Decapitated
29.90	kill	0	Sniper Rifle	3	Sniper Rifle	Decapitated
29.90	kill	0	Sniper Rifle	1	Sniper Rifle	Decapitated
29.90	kill	0	Sniper Rifle	4	Sniper Rifle	Decapitated
29.90	kill	0	Sniper Rifle	4	Sniper Rifle	Decapitated
29.90	kill	0	Sniper Rifle	4	Sniper Rifle	Decapitated
29.90	kill	0	Sniper Rifle	4	Sniper Rifle	Decapitated
29.90	kill	0	Sniper Rifle	4	Sniper Rifle	Decapitated
29.90	kill	0	Sniper Rifle	4	Sniper Rifle	Decapitated
29.90	kill	0	Sniper Rifle	4	Sniper Rifle	Decapitated
29.90	kill	0	Sniper Rifle	4	Sniper Rifle	Decapitated
29.90	kill	0	Sniper Rifle	4	Sniper Rifle	Decapitated
29.90	kill	0	Sniper Rifle	4	Sniper Rifle	Decapitated
29.90	kill	0	Sniper Rifle	4	Sniper Rifle	Decapitated
29.90	kill	0	Sniper Rifle	4	Sniper Rifle	Decapitated
29.90	kill	0	Sniper Rifle	4	Sniper Rifle	Decapitated
29.90	kill	0	Sniper Rifle	4	Sniper Rifle	Decapitated
29.90	kill	0	Sniper Rifle	4	Sniper Rifle	Decapitated
29.90	kill	0	Sniper Rifle	4	Sniper Rifle	Decapitated
29.90	kill	0	Sniper Rifle	4	Sniper Rifle	Decapitated
29.90	kill	0	Sniper Rifle	4	Sniper Rifle	Decapitated
29.90	kill	0	Sniper Rifle	4	Sniper Rifle	Decapitated
29.90	kill	0	Sniper Rifle	4	Sniper Rifle	Decapitated
29.90	kill	0	Sniper Rifle	4	Sniper Rifle	Decapitated
29.90	kill	0	Sniper Rifle	4	Sniper Rifle	Decapitated
29.90	kill	0	Sniper Rifle	4	Sniper Rifle	Decapitated
29.90	kill	0	Sniper Rifle	4	Sniper Rifle	Decapitated
29.90	kill	0	Sniper Rifle	4	Sniper Rifle	Decapitated
29.90	kill	0	Sniper Rifle	4	Sniper Rifle	Decapitated
29.90	kill	0	Sniper Rifle	4	Sniper Rifle	Decapitated
29.90	kill	0	Sniper Rifle	4	Sniper Rifle	Decapitated
29.90	kill	0	Sniper Rifle	4	Sniper Rifle	Decapitated
29.90	kill	0	Sniper Rifle	4	Sniper Rifle	Decapitated
29.90	kill	0	Sniper Rifle	4	Sniper Rifle	Decapitated
29.90	kill	0	Sniper Rifle	4	Sniper Rifle	Decapitated
29.90	kill	0	Sniper Rifle	5	Sniper Rifle	Decapitated
29.90	kill	0	Sniper Rifle	5	Sniper Rifle	Decapitated
29.90	kill	0	Sniper Rifle	5	Sniper Rifle	Decapitated
29.90	kill	0	Sniper Rifle	5	Sniper Rifle	Decapitated
29.90	kill	0	Sniper Rifle	5	Sniper Rifle	Decapitated
29.90	kill	0	Sniper Rifle	5	Sniper Rifle	Decapitated
29.90	kill	0	Sniper Rifle	5	Sniper Rifle	Decapitated
29.90	kill	0	Sniper Rifle	5	Sniper Rifle	Decapitated
29.90	kill	0	Sniper Rifle	5	Sniper Rifle	Decapitated
29.90	kill	0	Sniper Rifle	5	Sniper Rifle	Decapitated
29.90	kill	0	Sniper Rifle	5	Sniper Rifle	Decapitated
29.90	kill	0	Sniper Rifle	5	Sniper Rifle	Decapitated
29.90	kill	0	Sniper Rifle	5	Sniper Rifle	Decapitated
29.90	kill	0	Sniper Rifle	5	Sniper Rifle	Decapitated
29.90	kill	0	Sniper Rifle	5	Sniper Rifle	Decapitated
29.90	kill	0	Sniper Rifle	5	Sniper Rifle	Decapitated
29.90	kill	0	Sniper Rifle	5	Sniper Rifle	Decapitated
29.90	kill	0	Sniper Rifle	5	Sniper Rifle	Decapitated
29.90	kill	0	Sniper Rifle	5	Sniper Rifle	Decapitated
29.90	kill	0	Sniper Rifle	5	Sniper Rifle	Decapitated
29.90	kill	0	Sniper Rifle	5	Sniper Rifle	Decapitated
29.90	kill	0	Sniper Rifle	5	Sniper Rifle	Decapitated
29.90	kill	0	Sniper Rifle	5	Sniper Rifle	Decapitated
29.90	kill	0	Sniper Rifle	4	Sniper Rifle	Decapitated
29.90	kill	0	Sniper Rifle	4	Sniper Rifle	Decapitated
29.90	kill	0	Sniper Rifle	4	Sniper Rifle	Decapitated
29.90	kill	0	Sniper Rifle	4	Sniper Rifle	Decapitated
29.90	kill	0	Sniper Rifle	4	Sniper Rifle	Decapitated
29.90	kill	0	Sniper Rifle	4	Sniper Rifle	Decapitated
29.90	kill	0	Sniper Rifle	4	Sniper Rifle	Decapitated
29.90	kill	0	Sniper Rifle	4	Sniper Rifle	Decapitated
29.90	kill	0	Sniper Rifle	4	Sniper Rifle	Decapitated
29.90	kill	0	Sniper Rifle	4	Sniper Rifle	Decapitated
29.90	kill	0	Sniper Rifle	4	Sniper Rifle	Decapitated
29.90	kill	0	Sniper Rifle	4	Sniper Rifle	Decapitated
29.90	kill	0	Sniper Rifle	4	Sniper Rifle	Decapitated
29.90	kill	0	Sniper Rifle	4	Sniper Rifle	Decapitated
29.90	kill	0	Sniper Rifle	4	Sniper Rifle	Decapitated
29.90	kill	0	Sniper Rifle	1	Sniper Rifle	Decapitated
191.19	game_end	fraglimit
